python train.py --config rotation_experiment
--------------------------------------------
D:\Dev\ML\complexNN\bispectral-networks\bispectral_networks\data\transforms.py:21: UserWarning: Creating a tensor from a list of numpy.ndarrays is extremely slow. Please consider converting the list to a single numpy.ndarray with numpy.array() before converting to a tensor. (Triggered internally at C:\actions-runner\_work\pytorch\pytorch\builder\windows\pytorch\torch\csrc\utils\tensor_new.cpp:248.)
  transformed_data = torch.tensor(transformed_data)
Epoch 0 ||  N Examples 9072 || Train Total Loss 1.28836 || Validation Total Loss 0.66636
Epoch 1 ||  N Examples 18144 || Train Total Loss 0.36410 || Validation Total Loss 0.25175
Epoch 2 ||  N Examples 27216 || Train Total Loss 0.22836 || Validation Total Loss 0.22853
Epoch 3 ||  N Examples 36288 || Train Total Loss 0.21127 || Validation Total Loss 0.17727
Epoch 4 ||  N Examples 45360 || Train Total Loss 0.20656 || Validation Total Loss 0.19037
Epoch 5 ||  N Examples 54432 || Train Total Loss 0.17832 || Validation Total Loss 0.17892
Epoch 6 ||  N Examples 63504 || Train Total Loss 0.19419 || Validation Total Loss 0.18218
Epoch 7 ||  N Examples 72576 || Train Total Loss 0.09009 || Validation Total Loss 0.08342
Epoch 8 ||  N Examples 81648 || Train Total Loss 0.09358 || Validation Total Loss 0.08653
Epoch 9 ||  N Examples 90720 || Train Total Loss 0.09136 || Validation Total Loss 0.08865
Epoch 10 ||  N Examples 99792 || Train Total Loss 0.08844 || Validation Total Loss 0.09101
Epoch 11 ||  N Examples 108864 || Train Total Loss 0.06534 || Validation Total Loss 0.06417
Epoch 12 ||  N Examples 117936 || Train Total Loss 0.06583 || Validation Total Loss 0.06518
Epoch 13 ||  N Examples 127008 || Train Total Loss 0.06436 || Validation Total Loss 0.06299
Epoch 14 ||  N Examples 136080 || Train Total Loss 0.06175 || Validation Total Loss 0.06225
Epoch 15 ||  N Examples 145152 || Train Total Loss 0.06003 || Validation Total Loss 0.06242
Epoch 16 ||  N Examples 154224 || Train Total Loss 0.06102 || Validation Total Loss 0.05941
Epoch 17 ||  N Examples 163296 || Train Total Loss 0.05678 || Validation Total Loss 0.05313
Epoch 18 ||  N Examples 172368 || Train Total Loss 0.05674 || Validation Total Loss 0.05627
Epoch 19 ||  N Examples 181440 || Train Total Loss 0.05518 || Validation Total Loss 0.05392
Epoch 20 ||  N Examples 190512 || Train Total Loss 0.05565 || Validation Total Loss 0.05649
Epoch 21 ||  N Examples 199584 || Train Total Loss 0.04810 || Validation Total Loss 0.05099
Epoch 22 ||  N Examples 208656 || Train Total Loss 0.04740 || Validation Total Loss 0.05157
Epoch 23 ||  N Examples 217728 || Train Total Loss 0.04787 || Validation Total Loss 0.04920
Epoch 24 ||  N Examples 226800 || Train Total Loss 0.04609 || Validation Total Loss 0.04824
Epoch 25 ||  N Examples 235872 || Train Total Loss 0.04593 || Validation Total Loss 0.04531
Epoch 26 ||  N Examples 244944 || Train Total Loss 0.04493 || Validation Total Loss 0.04719
Epoch 27 ||  N Examples 254016 || Train Total Loss 0.04464 || Validation Total Loss 0.04300
Epoch 28 ||  N Examples 263088 || Train Total Loss 0.04362 || Validation Total Loss 0.04592
Epoch 29 ||  N Examples 272160 || Train Total Loss 0.04414 || Validation Total Loss 0.04267
Epoch 30 ||  N Examples 281232 || Train Total Loss 0.04408 || Validation Total Loss 0.04372
Epoch 31 ||  N Examples 290304 || Train Total Loss 0.04291 || Validation Total Loss 0.04439
Epoch 32 ||  N Examples 299376 || Train Total Loss 0.04318 || Validation Total Loss 0.04157
Epoch 33 ||  N Examples 308448 || Train Total Loss 0.04313 || Validation Total Loss 0.03974
Epoch 34 ||  N Examples 317520 || Train Total Loss 0.04294 || Validation Total Loss 0.04046
Epoch 35 ||  N Examples 326592 || Train Total Loss 0.04262 || Validation Total Loss 0.04310
Epoch 36 ||  N Examples 335664 || Train Total Loss 0.04128 || Validation Total Loss 0.04107
Epoch 37 ||  N Examples 344736 || Train Total Loss 0.03975 || Validation Total Loss 0.03876
Epoch 38 ||  N Examples 353808 || Train Total Loss 0.03991 || Validation Total Loss 0.04219
Epoch 39 ||  N Examples 362880 || Train Total Loss 0.03963 || Validation Total Loss 0.03939
Epoch 40 ||  N Examples 371952 || Train Total Loss 0.03985 || Validation Total Loss 0.04046
Epoch 41 ||  N Examples 381024 || Train Total Loss 0.03887 || Validation Total Loss 0.03933
Epoch 42 ||  N Examples 390096 || Train Total Loss 0.03845 || Validation Total Loss 0.03800
Epoch 43 ||  N Examples 399168 || Train Total Loss 0.03821 || Validation Total Loss 0.04056
Epoch 44 ||  N Examples 408240 || Train Total Loss 0.03816 || Validation Total Loss 0.03926
Epoch 45 ||  N Examples 417312 || Train Total Loss 0.03866 || Validation Total Loss 0.03836
Epoch 46 ||  N Examples 426384 || Train Total Loss 0.03726 || Validation Total Loss 0.03854
Epoch 47 ||  N Examples 435456 || Train Total Loss 0.03769 || Validation Total Loss 0.03795
Epoch 48 ||  N Examples 444528 || Train Total Loss 0.03766 || Validation Total Loss 0.03684
Epoch 49 ||  N Examples 453600 || Train Total Loss 0.03713 || Validation Total Loss 0.03895
Epoch 50 ||  N Examples 462672 || Train Total Loss 0.03715 || Validation Total Loss 0.03727
Epoch 51 ||  N Examples 471744 || Train Total Loss 0.03755 || Validation Total Loss 0.03775
Epoch 52 ||  N Examples 480816 || Train Total Loss 0.03685 || Validation Total Loss 0.03715
Epoch 53 ||  N Examples 489888 || Train Total Loss 0.03646 || Validation Total Loss 0.03914
Epoch 54 ||  N Examples 498960 || Train Total Loss 0.03683 || Validation Total Loss 0.03817
Epoch 55 ||  N Examples 508032 || Train Total Loss 0.03601 || Validation Total Loss 0.03531
Epoch 56 ||  N Examples 517104 || Train Total Loss 0.03651 || Validation Total Loss 0.03794
Epoch 57 ||  N Examples 526176 || Train Total Loss 0.03686 || Validation Total Loss 0.03531
Epoch 58 ||  N Examples 535248 || Train Total Loss 0.03684 || Validation Total Loss 0.03666
Epoch 59 ||  N Examples 544320 || Train Total Loss 0.03627 || Validation Total Loss 0.03790
Epoch 60 ||  N Examples 553392 || Train Total Loss 0.03689 || Validation Total Loss 0.03837
Epoch 61 ||  N Examples 562464 || Train Total Loss 0.03672 || Validation Total Loss 0.03717
Epoch 62 ||  N Examples 571536 || Train Total Loss 0.03642 || Validation Total Loss 0.03602
Epoch 63 ||  N Examples 580608 || Train Total Loss 0.03681 || Validation Total Loss 0.03752
Epoch 64 ||  N Examples 589680 || Train Total Loss 0.03663 || Validation Total Loss 0.03597
Epoch 65 ||  N Examples 598752 || Train Total Loss 0.03720 || Validation Total Loss 0.03441
Epoch 66 ||  N Examples 607824 || Train Total Loss 0.03625 || Validation Total Loss 0.03624
Epoch 67 ||  N Examples 616896 || Train Total Loss 0.03623 || Validation Total Loss 0.03648
Epoch 68 ||  N Examples 625968 || Train Total Loss 0.03627 || Validation Total Loss 0.03752
Epoch 69 ||  N Examples 635040 || Train Total Loss 0.03640 || Validation Total Loss 0.03493
Epoch 70 ||  N Examples 644112 || Train Total Loss 0.03682 || Validation Total Loss 0.03619
Epoch 71 ||  N Examples 653184 || Train Total Loss 0.03671 || Validation Total Loss 0.03834
Epoch 72 ||  N Examples 662256 || Train Total Loss 0.03653 || Validation Total Loss 0.03694
Epoch 73 ||  N Examples 671328 || Train Total Loss 0.03699 || Validation Total Loss 0.03861
Epoch 74 ||  N Examples 680400 || Train Total Loss 0.03652 || Validation Total Loss 0.03658
Epoch 75 ||  N Examples 689472 || Train Total Loss 0.03682 || Validation Total Loss 0.03659
Epoch 76 ||  N Examples 698544 || Train Total Loss 0.03630 || Validation Total Loss 0.03642
Epoch 77 ||  N Examples 707616 || Train Total Loss 0.03684 || Validation Total Loss 0.03683
Epoch 78 ||  N Examples 716688 || Train Total Loss 0.03664 || Validation Total Loss 0.03658
Epoch 79 ||  N Examples 725760 || Train Total Loss 0.03605 || Validation Total Loss 0.03774
Epoch 80 ||  N Examples 734832 || Train Total Loss 0.03673 || Validation Total Loss 0.03626
Epoch 81 ||  N Examples 743904 || Train Total Loss 0.03602 || Validation Total Loss 0.03716
Epoch 82 ||  N Examples 752976 || Train Total Loss 0.03617 || Validation Total Loss 0.03745
Epoch 83 ||  N Examples 762048 || Train Total Loss 0.03609 || Validation Total Loss 0.03779
Epoch 84 ||  N Examples 771120 || Train Total Loss 0.03699 || Validation Total Loss 0.03724
Epoch 85 ||  N Examples 780192 || Train Total Loss 0.03652 || Validation Total Loss 0.03612
Epoch 86 ||  N Examples 789264 || Train Total Loss 0.03671 || Validation Total Loss 0.03757
Epoch 87 ||  N Examples 798336 || Train Total Loss 0.03662 || Validation Total Loss 0.03821
Epoch 88 ||  N Examples 807408 || Train Total Loss 0.03592 || Validation Total Loss 0.03570
Epoch 89 ||  N Examples 816480 || Train Total Loss 0.03655 || Validation Total Loss 0.03688
Epoch 90 ||  N Examples 825552 || Train Total Loss 0.03664 || Validation Total Loss 0.03687
Epoch 91 ||  N Examples 834624 || Train Total Loss 0.03648 || Validation Total Loss 0.03907
Epoch 92 ||  N Examples 843696 || Train Total Loss 0.03644 || Validation Total Loss 0.03737
Epoch 93 ||  N Examples 852768 || Train Total Loss 0.03576 || Validation Total Loss 0.03895
Epoch 94 ||  N Examples 861840 || Train Total Loss 0.03691 || Validation Total Loss 0.03812
Epoch 95 ||  N Examples 870912 || Train Total Loss 0.03643 || Validation Total Loss 0.03683
Epoch 96 ||  N Examples 879984 || Train Total Loss 0.03622 || Validation Total Loss 0.03556
Epoch 97 ||  N Examples 889056 || Train Total Loss 0.03669 || Validation Total Loss 0.03693
Epoch 98 ||  N Examples 898128 || Train Total Loss 0.03563 || Validation Total Loss 0.03690
Epoch 99 ||  N Examples 907200 || Train Total Loss 0.03658 || Validation Total Loss 0.03874
Epoch 100 ||  N Examples 916272 || Train Total Loss 0.03605 || Validation Total Loss 0.03572
Epoch 101 ||  N Examples 925344 || Train Total Loss 0.03574 || Validation Total Loss 0.03672
Epoch 102 ||  N Examples 934416 || Train Total Loss 0.03667 || Validation Total Loss 0.03734
Epoch 103 ||  N Examples 943488 || Train Total Loss 0.03594 || Validation Total Loss 0.03559
Epoch 104 ||  N Examples 952560 || Train Total Loss 0.03649 || Validation Total Loss 0.03822
Epoch 105 ||  N Examples 961632 || Train Total Loss 0.03587 || Validation Total Loss 0.03589
Epoch 106 ||  N Examples 970704 || Train Total Loss 0.03617 || Validation Total Loss 0.03678
Epoch 107 ||  N Examples 979776 || Train Total Loss 0.03601 || Validation Total Loss 0.03706
Epoch 108 ||  N Examples 988848 || Train Total Loss 0.03675 || Validation Total Loss 0.03865
Epoch 109 ||  N Examples 997920 || Train Total Loss 0.03664 || Validation Total Loss 0.03590
Epoch 110 ||  N Examples 1006992 || Train Total Loss 0.03537 || Validation Total Loss 0.03444
Epoch 111 ||  N Examples 1016064 || Train Total Loss 0.03628 || Validation Total Loss 0.03492
Epoch 112 ||  N Examples 1025136 || Train Total Loss 0.03623 || Validation Total Loss 0.03922
Epoch 113 ||  N Examples 1034208 || Train Total Loss 0.03681 || Validation Total Loss 0.03629
Epoch 114 ||  N Examples 1043280 || Train Total Loss 0.03645 || Validation Total Loss 0.03542
Epoch 115 ||  N Examples 1052352 || Train Total Loss 0.03657 || Validation Total Loss 0.03846
Epoch 116 ||  N Examples 1061424 || Train Total Loss 0.03642 || Validation Total Loss 0.03589
Epoch 117 ||  N Examples 1070496 || Train Total Loss 0.03596 || Validation Total Loss 0.03782
Epoch 118 ||  N Examples 1079568 || Train Total Loss 0.03676 || Validation Total Loss 0.03769
Epoch 119 ||  N Examples 1088640 || Train Total Loss 0.03586 || Validation Total Loss 0.03746
Epoch 120 ||  N Examples 1097712 || Train Total Loss 0.03634 || Validation Total Loss 0.03665
Epoch 121 ||  N Examples 1106784 || Train Total Loss 0.03599 || Validation Total Loss 0.03513
Epoch 122 ||  N Examples 1115856 || Train Total Loss 0.03651 || Validation Total Loss 0.03624
Epoch 123 ||  N Examples 1124928 || Train Total Loss 0.03650 || Validation Total Loss 0.03733
Epoch 124 ||  N Examples 1134000 || Train Total Loss 0.03616 || Validation Total Loss 0.03667
Epoch 125 ||  N Examples 1143072 || Train Total Loss 0.03652 || Validation Total Loss 0.03551
Epoch 126 ||  N Examples 1152144 || Train Total Loss 0.03627 || Validation Total Loss 0.03640
Epoch 127 ||  N Examples 1161216 || Train Total Loss 0.03611 || Validation Total Loss 0.03613
Epoch 128 ||  N Examples 1170288 || Train Total Loss 0.03649 || Validation Total Loss 0.03561
Epoch 129 ||  N Examples 1179360 || Train Total Loss 0.03625 || Validation Total Loss 0.03567
Epoch 130 ||  N Examples 1188432 || Train Total Loss 0.03686 || Validation Total Loss 0.03881
Epoch 131 ||  N Examples 1197504 || Train Total Loss 0.03535 || Validation Total Loss 0.03496
Epoch 132 ||  N Examples 1206576 || Train Total Loss 0.03590 || Validation Total Loss 0.03858
Epoch 133 ||  N Examples 1215648 || Train Total Loss 0.03621 || Validation Total Loss 0.03794
Epoch 134 ||  N Examples 1224720 || Train Total Loss 0.03651 || Validation Total Loss 0.03567
Epoch 135 ||  N Examples 1233792 || Train Total Loss 0.03649 || Validation Total Loss 0.03828
Epoch 136 ||  N Examples 1242864 || Train Total Loss 0.03565 || Validation Total Loss 0.03717
Epoch 137 ||  N Examples 1251936 || Train Total Loss 0.03599 || Validation Total Loss 0.03600
Epoch 138 ||  N Examples 1261008 || Train Total Loss 0.03537 || Validation Total Loss 0.03615
Epoch 139 ||  N Examples 1270080 || Train Total Loss 0.03573 || Validation Total Loss 0.03454
Epoch 140 ||  N Examples 1279152 || Train Total Loss 0.03607 || Validation Total Loss 0.03710
Epoch 141 ||  N Examples 1288224 || Train Total Loss 0.03604 || Validation Total Loss 0.03682
Epoch 142 ||  N Examples 1297296 || Train Total Loss 0.03514 || Validation Total Loss 0.03680
Epoch 143 ||  N Examples 1306368 || Train Total Loss 0.03560 || Validation Total Loss 0.03666
Epoch 144 ||  N Examples 1315440 || Train Total Loss 0.03663 || Validation Total Loss 0.03727
Epoch 145 ||  N Examples 1324512 || Train Total Loss 0.03614 || Validation Total Loss 0.03543
Epoch 146 ||  N Examples 1333584 || Train Total Loss 0.03610 || Validation Total Loss 0.03704
Epoch 147 ||  N Examples 1342656 || Train Total Loss 0.03637 || Validation Total Loss 0.03690
Epoch 148 ||  N Examples 1351728 || Train Total Loss 0.03630 || Validation Total Loss 0.03751
Epoch 149 ||  N Examples 1360800 || Train Total Loss 0.03640 || Validation Total Loss 0.03551
Epoch 150 ||  N Examples 1369872 || Train Total Loss 0.03606 || Validation Total Loss 0.03782
Epoch 151 ||  N Examples 1378944 || Train Total Loss 0.03616 || Validation Total Loss 0.03862
Epoch 152 ||  N Examples 1388016 || Train Total Loss 0.03650 || Validation Total Loss 0.03812
Epoch 153 ||  N Examples 1397088 || Train Total Loss 0.03627 || Validation Total Loss 0.03676
Epoch 154 ||  N Examples 1406160 || Train Total Loss 0.03621 || Validation Total Loss 0.03862
Epoch 155 ||  N Examples 1415232 || Train Total Loss 0.03625 || Validation Total Loss 0.03594
Epoch 156 ||  N Examples 1424304 || Train Total Loss 0.03629 || Validation Total Loss 0.03719
Epoch 157 ||  N Examples 1433376 || Train Total Loss 0.03612 || Validation Total Loss 0.03519
Epoch 158 ||  N Examples 1442448 || Train Total Loss 0.03602 || Validation Total Loss 0.03639
Epoch 159 ||  N Examples 1451520 || Train Total Loss 0.03558 || Validation Total Loss 0.03604
Epoch 160 ||  N Examples 1460592 || Train Total Loss 0.03608 || Validation Total Loss 0.03694
Epoch 161 ||  N Examples 1469664 || Train Total Loss 0.03614 || Validation Total Loss 0.03790
Epoch 162 ||  N Examples 1478736 || Train Total Loss 0.03602 || Validation Total Loss 0.03554
Epoch 163 ||  N Examples 1487808 || Train Total Loss 0.03626 || Validation Total Loss 0.03629
Epoch 164 ||  N Examples 1496880 || Train Total Loss 0.03638 || Validation Total Loss 0.03684
Epoch 165 ||  N Examples 1505952 || Train Total Loss 0.03664 || Validation Total Loss 0.03684
Epoch 166 ||  N Examples 1515024 || Train Total Loss 0.03580 || Validation Total Loss 0.03569
Epoch 167 ||  N Examples 1524096 || Train Total Loss 0.03541 || Validation Total Loss 0.03623
Epoch 168 ||  N Examples 1533168 || Train Total Loss 0.03580 || Validation Total Loss 0.03453
Epoch 169 ||  N Examples 1542240 || Train Total Loss 0.03572 || Validation Total Loss 0.03700
Epoch 170 ||  N Examples 1551312 || Train Total Loss 0.03627 || Validation Total Loss 0.03761
Epoch 171 ||  N Examples 1560384 || Train Total Loss 0.03569 || Validation Total Loss 0.03684
Epoch 172 ||  N Examples 1569456 || Train Total Loss 0.03599 || Validation Total Loss 0.03809
Epoch 173 ||  N Examples 1578528 || Train Total Loss 0.03598 || Validation Total Loss 0.03784
Epoch 174 ||  N Examples 1587600 || Train Total Loss 0.03666 || Validation Total Loss 0.03713
Epoch 175 ||  N Examples 1596672 || Train Total Loss 0.03617 || Validation Total Loss 0.03588
Epoch 176 ||  N Examples 1605744 || Train Total Loss 0.03630 || Validation Total Loss 0.03814
Epoch 177 ||  N Examples 1614816 || Train Total Loss 0.03633 || Validation Total Loss 0.03746
Epoch 178 ||  N Examples 1623888 || Train Total Loss 0.03640 || Validation Total Loss 0.03537
Epoch 179 ||  N Examples 1632960 || Train Total Loss 0.03557 || Validation Total Loss 0.03663
Epoch 180 ||  N Examples 1642032 || Train Total Loss 0.03590 || Validation Total Loss 0.03535
Epoch 181 ||  N Examples 1651104 || Train Total Loss 0.03601 || Validation Total Loss 0.03687
Epoch 182 ||  N Examples 1660176 || Train Total Loss 0.03584 || Validation Total Loss 0.03603
Epoch 183 ||  N Examples 1669248 || Train Total Loss 0.03619 || Validation Total Loss 0.03801
Epoch 184 ||  N Examples 1678320 || Train Total Loss 0.03630 || Validation Total Loss 0.03729
Epoch 185 ||  N Examples 1687392 || Train Total Loss 0.03569 || Validation Total Loss 0.03836
Epoch 186 ||  N Examples 1696464 || Train Total Loss 0.03552 || Validation Total Loss 0.03471
Epoch 187 ||  N Examples 1705536 || Train Total Loss 0.03660 || Validation Total Loss 0.03626
Epoch 188 ||  N Examples 1714608 || Train Total Loss 0.03612 || Validation Total Loss 0.03530
Epoch 189 ||  N Examples 1723680 || Train Total Loss 0.03606 || Validation Total Loss 0.03798
Epoch 190 ||  N Examples 1732752 || Train Total Loss 0.03603 || Validation Total Loss 0.03728
Epoch 191 ||  N Examples 1741824 || Train Total Loss 0.03670 || Validation Total Loss 0.04056
Epoch 192 ||  N Examples 1750896 || Train Total Loss 0.03635 || Validation Total Loss 0.03667
Epoch 193 ||  N Examples 1759968 || Train Total Loss 0.03645 || Validation Total Loss 0.03523
Epoch 194 ||  N Examples 1769040 || Train Total Loss 0.03571 || Validation Total Loss 0.03661
Epoch 195 ||  N Examples 1778112 || Train Total Loss 0.03591 || Validation Total Loss 0.03693
Epoch 196 ||  N Examples 1787184 || Train Total Loss 0.03588 || Validation Total Loss 0.03696
Epoch 197 ||  N Examples 1796256 || Train Total Loss 0.03540 || Validation Total Loss 0.03682
Epoch 198 ||  N Examples 1805328 || Train Total Loss 0.03597 || Validation Total Loss 0.03607
Epoch 199 ||  N Examples 1814400 || Train Total Loss 0.03555 || Validation Total Loss 0.03674
Epoch 200 ||  N Examples 1823472 || Train Total Loss 0.03586 || Validation Total Loss 0.03547
Epoch 201 ||  N Examples 1832544 || Train Total Loss 0.03590 || Validation Total Loss 0.03594
Epoch 202 ||  N Examples 1841616 || Train Total Loss 0.03574 || Validation Total Loss 0.03736
Epoch 203 ||  N Examples 1850688 || Train Total Loss 0.03555 || Validation Total Loss 0.03760
Epoch 204 ||  N Examples 1859760 || Train Total Loss 0.03568 || Validation Total Loss 0.03559
Epoch 205 ||  N Examples 1868832 || Train Total Loss 0.03524 || Validation Total Loss 0.03814
Epoch 206 ||  N Examples 1877904 || Train Total Loss 0.03595 || Validation Total Loss 0.03722
Epoch 207 ||  N Examples 1886976 || Train Total Loss 0.03587 || Validation Total Loss 0.03577
Epoch 208 ||  N Examples 1896048 || Train Total Loss 0.03625 || Validation Total Loss 0.03519
Epoch 209 ||  N Examples 1905120 || Train Total Loss 0.03613 || Validation Total Loss 0.03602
Epoch 210 ||  N Examples 1914192 || Train Total Loss 0.03593 || Validation Total Loss 0.03595
Epoch 211 ||  N Examples 1923264 || Train Total Loss 0.03614 || Validation Total Loss 0.03640
Epoch 212 ||  N Examples 1932336 || Train Total Loss 0.03620 || Validation Total Loss 0.03691
Epoch 213 ||  N Examples 1941408 || Train Total Loss 0.03534 || Validation Total Loss 0.03861
Epoch 214 ||  N Examples 1950480 || Train Total Loss 0.03503 || Validation Total Loss 0.03590
Epoch 215 ||  N Examples 1959552 || Train Total Loss 0.03530 || Validation Total Loss 0.03522
Epoch 216 ||  N Examples 1968624 || Train Total Loss 0.03522 || Validation Total Loss 0.03627
Epoch 217 ||  N Examples 1977696 || Train Total Loss 0.03614 || Validation Total Loss 0.03803
Epoch 218 ||  N Examples 1986768 || Train Total Loss 0.03539 || Validation Total Loss 0.03628
Epoch 219 ||  N Examples 1995840 || Train Total Loss 0.03609 || Validation Total Loss 0.03470
Epoch 220 ||  N Examples 2004912 || Train Total Loss 0.03622 || Validation Total Loss 0.03625
Epoch 221 ||  N Examples 2013984 || Train Total Loss 0.03628 || Validation Total Loss 0.03712
Epoch 222 ||  N Examples 2023056 || Train Total Loss 0.03604 || Validation Total Loss 0.03828
Epoch 223 ||  N Examples 2032128 || Train Total Loss 0.03537 || Validation Total Loss 0.03605
Epoch 224 ||  N Examples 2041200 || Train Total Loss 0.03589 || Validation Total Loss 0.03545
Epoch 225 ||  N Examples 2050272 || Train Total Loss 0.03527 || Validation Total Loss 0.03453
Epoch 226 ||  N Examples 2059344 || Train Total Loss 0.03551 || Validation Total Loss 0.03687
Epoch 227 ||  N Examples 2068416 || Train Total Loss 0.03598 || Validation Total Loss 0.03463
Epoch 228 ||  N Examples 2077488 || Train Total Loss 0.03570 || Validation Total Loss 0.03574
Epoch 229 ||  N Examples 2086560 || Train Total Loss 0.03507 || Validation Total Loss 0.03837
Epoch 230 ||  N Examples 2095632 || Train Total Loss 0.03570 || Validation Total Loss 0.04005
Epoch 231 ||  N Examples 2104704 || Train Total Loss 0.03575 || Validation Total Loss 0.03485
Epoch 232 ||  N Examples 2113776 || Train Total Loss 0.03613 || Validation Total Loss 0.03594
Epoch 233 ||  N Examples 2122848 || Train Total Loss 0.03614 || Validation Total Loss 0.03488
Epoch 234 ||  N Examples 2131920 || Train Total Loss 0.03564 || Validation Total Loss 0.03581
Epoch 235 ||  N Examples 2140992 || Train Total Loss 0.03534 || Validation Total Loss 0.03713
Epoch 236 ||  N Examples 2150064 || Train Total Loss 0.03604 || Validation Total Loss 0.03559
Epoch 237 ||  N Examples 2159136 || Train Total Loss 0.03605 || Validation Total Loss 0.03684
Epoch 238 ||  N Examples 2168208 || Train Total Loss 0.03602 || Validation Total Loss 0.03586
Epoch 239 ||  N Examples 2177280 || Train Total Loss 0.03540 || Validation Total Loss 0.03443
Epoch 240 ||  N Examples 2186352 || Train Total Loss 0.03591 || Validation Total Loss 0.03394
Epoch 241 ||  N Examples 2195424 || Train Total Loss 0.03559 || Validation Total Loss 0.03693
Epoch 242 ||  N Examples 2204496 || Train Total Loss 0.03601 || Validation Total Loss 0.03490
Epoch 243 ||  N Examples 2213568 || Train Total Loss 0.03548 || Validation Total Loss 0.03505
Epoch 244 ||  N Examples 2222640 || Train Total Loss 0.03549 || Validation Total Loss 0.03579
Epoch 245 ||  N Examples 2231712 || Train Total Loss 0.03566 || Validation Total Loss 0.03613
Epoch 246 ||  N Examples 2240784 || Train Total Loss 0.03559 || Validation Total Loss 0.03676
Epoch 247 ||  N Examples 2249856 || Train Total Loss 0.03606 || Validation Total Loss 0.03612
Epoch 248 ||  N Examples 2258928 || Train Total Loss 0.03591 || Validation Total Loss 0.03655
Epoch 249 ||  N Examples 2268000 || Train Total Loss 0.03604 || Validation Total Loss 0.03516
Epoch 250 ||  N Examples 2277072 || Train Total Loss 0.03621 || Validation Total Loss 0.03743
Epoch 251 ||  N Examples 2286144 || Train Total Loss 0.03600 || Validation Total Loss 0.03658
Epoch 252 ||  N Examples 2295216 || Train Total Loss 0.03554 || Validation Total Loss 0.03747
Epoch 253 ||  N Examples 2304288 || Train Total Loss 0.03569 || Validation Total Loss 0.03530
Epoch 254 ||  N Examples 2313360 || Train Total Loss 0.03514 || Validation Total Loss 0.03718
Epoch 255 ||  N Examples 2322432 || Train Total Loss 0.03592 || Validation Total Loss 0.03710
Epoch 256 ||  N Examples 2331504 || Train Total Loss 0.03522 || Validation Total Loss 0.03524
Epoch 257 ||  N Examples 2340576 || Train Total Loss 0.03521 || Validation Total Loss 0.03845
Epoch 258 ||  N Examples 2349648 || Train Total Loss 0.03577 || Validation Total Loss 0.03755
Epoch 259 ||  N Examples 2358720 || Train Total Loss 0.03578 || Validation Total Loss 0.03592
Epoch 260 ||  N Examples 2367792 || Train Total Loss 0.03554 || Validation Total Loss 0.03629
Epoch 261 ||  N Examples 2376864 || Train Total Loss 0.03574 || Validation Total Loss 0.03829
Epoch 262 ||  N Examples 2385936 || Train Total Loss 0.03544 || Validation Total Loss 0.03493
Epoch 263 ||  N Examples 2395008 || Train Total Loss 0.03517 || Validation Total Loss 0.03602
Epoch 264 ||  N Examples 2404080 || Train Total Loss 0.03564 || Validation Total Loss 0.03722
Epoch 265 ||  N Examples 2413152 || Train Total Loss 0.03555 || Validation Total Loss 0.03506
Epoch 266 ||  N Examples 2422224 || Train Total Loss 0.03513 || Validation Total Loss 0.03464
Epoch 267 ||  N Examples 2431296 || Train Total Loss 0.03533 || Validation Total Loss 0.03555
Epoch 268 ||  N Examples 2440368 || Train Total Loss 0.03578 || Validation Total Loss 0.03549
Epoch 269 ||  N Examples 2449440 || Train Total Loss 0.03522 || Validation Total Loss 0.03543
Epoch 270 ||  N Examples 2458512 || Train Total Loss 0.03590 || Validation Total Loss 0.03641
Epoch 271 ||  N Examples 2467584 || Train Total Loss 0.03550 || Validation Total Loss 0.03619
Epoch 272 ||  N Examples 2476656 || Train Total Loss 0.03577 || Validation Total Loss 0.03579
Epoch 273 ||  N Examples 2485728 || Train Total Loss 0.03588 || Validation Total Loss 0.03600
Epoch 274 ||  N Examples 2494800 || Train Total Loss 0.03569 || Validation Total Loss 0.03730
Epoch 275 ||  N Examples 2503872 || Train Total Loss 0.03561 || Validation Total Loss 0.03681
Epoch 276 ||  N Examples 2512944 || Train Total Loss 0.03561 || Validation Total Loss 0.03462
Epoch 277 ||  N Examples 2522016 || Train Total Loss 0.03557 || Validation Total Loss 0.03663
Epoch 278 ||  N Examples 2531088 || Train Total Loss 0.03511 || Validation Total Loss 0.03436
Epoch 279 ||  N Examples 2540160 || Train Total Loss 0.03577 || Validation Total Loss 0.03634
Epoch 280 ||  N Examples 2549232 || Train Total Loss 0.03506 || Validation Total Loss 0.03763
Epoch 281 ||  N Examples 2558304 || Train Total Loss 0.03559 || Validation Total Loss 0.03899
Epoch 282 ||  N Examples 2567376 || Train Total Loss 0.03571 || Validation Total Loss 0.03724
Epoch 283 ||  N Examples 2576448 || Train Total Loss 0.03501 || Validation Total Loss 0.03508
Epoch 284 ||  N Examples 2585520 || Train Total Loss 0.03538 || Validation Total Loss 0.03878
Epoch 285 ||  N Examples 2594592 || Train Total Loss 0.03605 || Validation Total Loss 0.03541
Epoch 286 ||  N Examples 2603664 || Train Total Loss 0.03552 || Validation Total Loss 0.03463
Epoch 287 ||  N Examples 2612736 || Train Total Loss 0.03554 || Validation Total Loss 0.03617
Epoch 288 ||  N Examples 2621808 || Train Total Loss 0.03548 || Validation Total Loss 0.03660
Epoch 289 ||  N Examples 2630880 || Train Total Loss 0.03564 || Validation Total Loss 0.03756
Epoch 290 ||  N Examples 2639952 || Train Total Loss 0.03556 || Validation Total Loss 0.03638
Epoch 291 ||  N Examples 2649024 || Train Total Loss 0.03541 || Validation Total Loss 0.03530
Epoch 292 ||  N Examples 2658096 || Train Total Loss 0.03503 || Validation Total Loss 0.03550
Epoch 293 ||  N Examples 2667168 || Train Total Loss 0.03593 || Validation Total Loss 0.03603
Epoch 294 ||  N Examples 2676240 || Train Total Loss 0.03542 || Validation Total Loss 0.03703
Epoch 295 ||  N Examples 2685312 || Train Total Loss 0.03550 || Validation Total Loss 0.03602
Epoch 296 ||  N Examples 2694384 || Train Total Loss 0.03575 || Validation Total Loss 0.03732
Epoch 297 ||  N Examples 2703456 || Train Total Loss 0.03567 || Validation Total Loss 0.03828
Epoch 298 ||  N Examples 2712528 || Train Total Loss 0.03536 || Validation Total Loss 0.03572
Epoch 299 ||  N Examples 2721600 || Train Total Loss 0.03518 || Validation Total Loss 0.03464
Epoch 300 ||  N Examples 2730672 || Train Total Loss 0.03554 || Validation Total Loss 0.03782
Epoch 301 ||  N Examples 2739744 || Train Total Loss 0.03577 || Validation Total Loss 0.03465
Epoch 302 ||  N Examples 2748816 || Train Total Loss 0.03506 || Validation Total Loss 0.03649
Epoch 303 ||  N Examples 2757888 || Train Total Loss 0.03569 || Validation Total Loss 0.03564
Epoch 304 ||  N Examples 2766960 || Train Total Loss 0.03531 || Validation Total Loss 0.03586
Epoch 305 ||  N Examples 2776032 || Train Total Loss 0.03540 || Validation Total Loss 0.03527
Epoch 306 ||  N Examples 2785104 || Train Total Loss 0.03490 || Validation Total Loss 0.03637
Epoch 307 ||  N Examples 2794176 || Train Total Loss 0.03630 || Validation Total Loss 0.03717
Epoch 308 ||  N Examples 2803248 || Train Total Loss 0.03498 || Validation Total Loss 0.03536
Epoch 309 ||  N Examples 2812320 || Train Total Loss 0.03575 || Validation Total Loss 0.03573
Epoch 310 ||  N Examples 2821392 || Train Total Loss 0.03551 || Validation Total Loss 0.03683
Epoch 311 ||  N Examples 2830464 || Train Total Loss 0.03567 || Validation Total Loss 0.03703
Epoch 312 ||  N Examples 2839536 || Train Total Loss 0.03520 || Validation Total Loss 0.03459
Epoch 313 ||  N Examples 2848608 || Train Total Loss 0.03561 || Validation Total Loss 0.03622
Epoch 314 ||  N Examples 2857680 || Train Total Loss 0.03537 || Validation Total Loss 0.03563
Epoch 315 ||  N Examples 2866752 || Train Total Loss 0.03562 || Validation Total Loss 0.03464
Epoch 316 ||  N Examples 2875824 || Train Total Loss 0.03558 || Validation Total Loss 0.03660
Epoch 317 ||  N Examples 2884896 || Train Total Loss 0.03540 || Validation Total Loss 0.03585
Epoch 318 ||  N Examples 2893968 || Train Total Loss 0.03566 || Validation Total Loss 0.03604
Epoch 319 ||  N Examples 2903040 || Train Total Loss 0.03564 || Validation Total Loss 0.03743
Epoch 320 ||  N Examples 2912112 || Train Total Loss 0.03621 || Validation Total Loss 0.03552
Epoch 321 ||  N Examples 2921184 || Train Total Loss 0.03525 || Validation Total Loss 0.03361
Epoch 322 ||  N Examples 2930256 || Train Total Loss 0.03618 || Validation Total Loss 0.03605
Epoch 323 ||  N Examples 2939328 || Train Total Loss 0.03524 || Validation Total Loss 0.03506
Epoch 324 ||  N Examples 2948400 || Train Total Loss 0.03463 || Validation Total Loss 0.03565
Epoch 325 ||  N Examples 2957472 || Train Total Loss 0.03598 || Validation Total Loss 0.03668
Epoch 326 ||  N Examples 2966544 || Train Total Loss 0.03548 || Validation Total Loss 0.03455
Epoch 327 ||  N Examples 2975616 || Train Total Loss 0.03545 || Validation Total Loss 0.03522
Epoch 328 ||  N Examples 2984688 || Train Total Loss 0.03514 || Validation Total Loss 0.03618
Epoch 329 ||  N Examples 2993760 || Train Total Loss 0.03539 || Validation Total Loss 0.03699
Epoch 330 ||  N Examples 3002832 || Train Total Loss 0.03569 || Validation Total Loss 0.03683
Epoch 331 ||  N Examples 3011904 || Train Total Loss 0.03469 || Validation Total Loss 0.03708
Epoch 332 ||  N Examples 3020976 || Train Total Loss 0.03508 || Validation Total Loss 0.03611
Epoch 333 ||  N Examples 3030048 || Train Total Loss 0.03550 || Validation Total Loss 0.03652
Epoch 334 ||  N Examples 3039120 || Train Total Loss 0.03495 || Validation Total Loss 0.03662
Epoch 335 ||  N Examples 3048192 || Train Total Loss 0.03524 || Validation Total Loss 0.03625
Epoch 336 ||  N Examples 3057264 || Train Total Loss 0.03539 || Validation Total Loss 0.03579
Epoch 337 ||  N Examples 3066336 || Train Total Loss 0.03556 || Validation Total Loss 0.03490
Epoch 338 ||  N Examples 3075408 || Train Total Loss 0.03529 || Validation Total Loss 0.03611
Epoch 339 ||  N Examples 3084480 || Train Total Loss 0.03569 || Validation Total Loss 0.03812
Epoch 340 ||  N Examples 3093552 || Train Total Loss 0.03533 || Validation Total Loss 0.03800
Epoch 341 ||  N Examples 3102624 || Train Total Loss 0.03522 || Validation Total Loss 0.03483
Epoch 342 ||  N Examples 3111696 || Train Total Loss 0.03456 || Validation Total Loss 0.03753
Epoch 343 ||  N Examples 3120768 || Train Total Loss 0.03546 || Validation Total Loss 0.03507
Epoch 344 ||  N Examples 3129840 || Train Total Loss 0.03555 || Validation Total Loss 0.03251
Epoch 345 ||  N Examples 3138912 || Train Total Loss 0.03526 || Validation Total Loss 0.03625
Epoch 346 ||  N Examples 3147984 || Train Total Loss 0.03500 || Validation Total Loss 0.03885
Epoch 347 ||  N Examples 3157056 || Train Total Loss 0.03523 || Validation Total Loss 0.03585
Epoch 348 ||  N Examples 3166128 || Train Total Loss 0.03556 || Validation Total Loss 0.03601
Epoch 349 ||  N Examples 3175200 || Train Total Loss 0.03579 || Validation Total Loss 0.03594
Epoch 350 ||  N Examples 3184272 || Train Total Loss 0.03572 || Validation Total Loss 0.03751
Epoch 351 ||  N Examples 3193344 || Train Total Loss 0.03564 || Validation Total Loss 0.03751
Epoch 352 ||  N Examples 3202416 || Train Total Loss 0.03536 || Validation Total Loss 0.03419
Epoch 353 ||  N Examples 3211488 || Train Total Loss 0.03517 || Validation Total Loss 0.03512
Epoch 354 ||  N Examples 3220560 || Train Total Loss 0.03540 || Validation Total Loss 0.03575
Epoch 355 ||  N Examples 3229632 || Train Total Loss 0.03492 || Validation Total Loss 0.03372
Epoch 356 ||  N Examples 3238704 || Train Total Loss 0.03539 || Validation Total Loss 0.03361
Epoch 357 ||  N Examples 3247776 || Train Total Loss 0.03550 || Validation Total Loss 0.03483
Epoch 358 ||  N Examples 3256848 || Train Total Loss 0.03547 || Validation Total Loss 0.03597
Epoch 359 ||  N Examples 3265920 || Train Total Loss 0.03533 || Validation Total Loss 0.03813
Epoch 360 ||  N Examples 3274992 || Train Total Loss 0.03441 || Validation Total Loss 0.03484
Epoch 361 ||  N Examples 3284064 || Train Total Loss 0.03520 || Validation Total Loss 0.03393
Epoch 362 ||  N Examples 3293136 || Train Total Loss 0.03477 || Validation Total Loss 0.03553
Epoch 363 ||  N Examples 3302208 || Train Total Loss 0.03490 || Validation Total Loss 0.03520
Epoch 364 ||  N Examples 3311280 || Train Total Loss 0.03581 || Validation Total Loss 0.03521
Epoch 365 ||  N Examples 3320352 || Train Total Loss 0.03510 || Validation Total Loss 0.03458
Epoch 366 ||  N Examples 3329424 || Train Total Loss 0.03519 || Validation Total Loss 0.03517
Epoch 367 ||  N Examples 3338496 || Train Total Loss 0.03552 || Validation Total Loss 0.03614
Epoch 368 ||  N Examples 3347568 || Train Total Loss 0.03530 || Validation Total Loss 0.03348
Epoch 369 ||  N Examples 3356640 || Train Total Loss 0.03525 || Validation Total Loss 0.03469
Epoch 370 ||  N Examples 3365712 || Train Total Loss 0.03554 || Validation Total Loss 0.03643
Epoch 371 ||  N Examples 3374784 || Train Total Loss 0.03513 || Validation Total Loss 0.03760
Epoch 372 ||  N Examples 3383856 || Train Total Loss 0.03532 || Validation Total Loss 0.03626
Epoch 373 ||  N Examples 3392928 || Train Total Loss 0.03482 || Validation Total Loss 0.03490
Epoch 374 ||  N Examples 3402000 || Train Total Loss 0.03511 || Validation Total Loss 0.03384
Epoch 375 ||  N Examples 3411072 || Train Total Loss 0.03529 || Validation Total Loss 0.03607
Epoch 376 ||  N Examples 3420144 || Train Total Loss 0.03515 || Validation Total Loss 0.03561
Epoch 377 ||  N Examples 3429216 || Train Total Loss 0.03504 || Validation Total Loss 0.03604
Epoch 378 ||  N Examples 3438288 || Train Total Loss 0.03517 || Validation Total Loss 0.03578
Epoch 379 ||  N Examples 3447360 || Train Total Loss 0.03529 || Validation Total Loss 0.03695
Epoch 380 ||  N Examples 3456432 || Train Total Loss 0.03602 || Validation Total Loss 0.03535
Epoch 381 ||  N Examples 3465504 || Train Total Loss 0.03545 || Validation Total Loss 0.03462
Epoch 382 ||  N Examples 3474576 || Train Total Loss 0.03540 || Validation Total Loss 0.03704
Epoch 383 ||  N Examples 3483648 || Train Total Loss 0.03489 || Validation Total Loss 0.03500
Epoch 384 ||  N Examples 3492720 || Train Total Loss 0.03561 || Validation Total Loss 0.03552
Epoch 385 ||  N Examples 3501792 || Train Total Loss 0.03539 || Validation Total Loss 0.03518
Epoch 386 ||  N Examples 3510864 || Train Total Loss 0.03507 || Validation Total Loss 0.03688
Epoch 387 ||  N Examples 3519936 || Train Total Loss 0.03483 || Validation Total Loss 0.03465
Epoch 388 ||  N Examples 3529008 || Train Total Loss 0.03459 || Validation Total Loss 0.03675
Epoch 389 ||  N Examples 3538080 || Train Total Loss 0.03552 || Validation Total Loss 0.03479
Epoch 390 ||  N Examples 3547152 || Train Total Loss 0.03457 || Validation Total Loss 0.03549
Epoch 391 ||  N Examples 3556224 || Train Total Loss 0.03498 || Validation Total Loss 0.03648
Epoch 392 ||  N Examples 3565296 || Train Total Loss 0.03496 || Validation Total Loss 0.03581
Epoch 393 ||  N Examples 3574368 || Train Total Loss 0.03490 || Validation Total Loss 0.03430
Epoch 394 ||  N Examples 3583440 || Train Total Loss 0.03523 || Validation Total Loss 0.03578
Epoch 395 ||  N Examples 3592512 || Train Total Loss 0.03488 || Validation Total Loss 0.03300
Epoch 396 ||  N Examples 3601584 || Train Total Loss 0.03492 || Validation Total Loss 0.03527
Epoch 397 ||  N Examples 3610656 || Train Total Loss 0.03490 || Validation Total Loss 0.03635
Epoch 398 ||  N Examples 3619728 || Train Total Loss 0.03540 || Validation Total Loss 0.03406
Epoch 399 ||  N Examples 3628800 || Train Total Loss 0.03464 || Validation Total Loss 0.03581
Epoch 400 ||  N Examples 3637872 || Train Total Loss 0.03495 || Validation Total Loss 0.03447
Epoch 401 ||  N Examples 3646944 || Train Total Loss 0.03487 || Validation Total Loss 0.03563
Epoch 402 ||  N Examples 3656016 || Train Total Loss 0.03513 || Validation Total Loss 0.03458
Epoch 403 ||  N Examples 3665088 || Train Total Loss 0.03515 || Validation Total Loss 0.03661
Epoch 404 ||  N Examples 3674160 || Train Total Loss 0.03538 || Validation Total Loss 0.03656
Epoch 405 ||  N Examples 3683232 || Train Total Loss 0.03502 || Validation Total Loss 0.03368
Epoch 406 ||  N Examples 3692304 || Train Total Loss 0.03491 || Validation Total Loss 0.03558
Epoch 407 ||  N Examples 3701376 || Train Total Loss 0.03516 || Validation Total Loss 0.03416
Epoch 408 ||  N Examples 3710448 || Train Total Loss 0.03501 || Validation Total Loss 0.03633
Epoch 409 ||  N Examples 3719520 || Train Total Loss 0.03497 || Validation Total Loss 0.03344
Epoch 410 ||  N Examples 3728592 || Train Total Loss 0.03563 || Validation Total Loss 0.03565
Epoch 411 ||  N Examples 3737664 || Train Total Loss 0.03496 || Validation Total Loss 0.03478
Epoch 412 ||  N Examples 3746736 || Train Total Loss 0.03561 || Validation Total Loss 0.03549
Epoch 413 ||  N Examples 3755808 || Train Total Loss 0.03529 || Validation Total Loss 0.03589
Epoch 414 ||  N Examples 3764880 || Train Total Loss 0.03542 || Validation Total Loss 0.03592
Epoch 415 ||  N Examples 3773952 || Train Total Loss 0.03494 || Validation Total Loss 0.03466
Epoch 416 ||  N Examples 3783024 || Train Total Loss 0.03519 || Validation Total Loss 0.03586
Epoch 417 ||  N Examples 3792096 || Train Total Loss 0.03533 || Validation Total Loss 0.03701
Epoch 418 ||  N Examples 3801168 || Train Total Loss 0.03501 || Validation Total Loss 0.03435
Epoch 419 ||  N Examples 3810240 || Train Total Loss 0.03549 || Validation Total Loss 0.03544
Epoch 420 ||  N Examples 3819312 || Train Total Loss 0.03547 || Validation Total Loss 0.03484
Epoch 421 ||  N Examples 3828384 || Train Total Loss 0.03469 || Validation Total Loss 0.03393
Epoch 422 ||  N Examples 3837456 || Train Total Loss 0.03571 || Validation Total Loss 0.03520
Epoch 423 ||  N Examples 3846528 || Train Total Loss 0.03481 || Validation Total Loss 0.03591
Epoch 424 ||  N Examples 3855600 || Train Total Loss 0.03520 || Validation Total Loss 0.03558
Epoch 425 ||  N Examples 3864672 || Train Total Loss 0.03418 || Validation Total Loss 0.03519
Epoch 426 ||  N Examples 3873744 || Train Total Loss 0.03504 || Validation Total Loss 0.03580
Epoch 427 ||  N Examples 3882816 || Train Total Loss 0.03473 || Validation Total Loss 0.03663
Epoch 428 ||  N Examples 3891888 || Train Total Loss 0.03525 || Validation Total Loss 0.03438
Epoch 429 ||  N Examples 3900960 || Train Total Loss 0.03430 || Validation Total Loss 0.03717
Epoch 430 ||  N Examples 3910032 || Train Total Loss 0.03476 || Validation Total Loss 0.03581
Epoch 431 ||  N Examples 3919104 || Train Total Loss 0.03520 || Validation Total Loss 0.03359
Epoch 432 ||  N Examples 3928176 || Train Total Loss 0.03494 || Validation Total Loss 0.03544
Epoch 433 ||  N Examples 3937248 || Train Total Loss 0.03516 || Validation Total Loss 0.03530
Epoch 434 ||  N Examples 3946320 || Train Total Loss 0.03464 || Validation Total Loss 0.03394
Epoch 435 ||  N Examples 3955392 || Train Total Loss 0.03532 || Validation Total Loss 0.03594
Epoch 436 ||  N Examples 3964464 || Train Total Loss 0.03480 || Validation Total Loss 0.03548
Epoch 437 ||  N Examples 3973536 || Train Total Loss 0.03492 || Validation Total Loss 0.03605
Epoch 438 ||  N Examples 3982608 || Train Total Loss 0.03493 || Validation Total Loss 0.03477
Epoch 439 ||  N Examples 3991680 || Train Total Loss 0.03513 || Validation Total Loss 0.03759
Epoch 440 ||  N Examples 4000752 || Train Total Loss 0.03487 || Validation Total Loss 0.03624
Epoch 441 ||  N Examples 4009824 || Train Total Loss 0.03442 || Validation Total Loss 0.03550
Epoch 442 ||  N Examples 4018896 || Train Total Loss 0.03503 || Validation Total Loss 0.03473
Epoch 443 ||  N Examples 4027968 || Train Total Loss 0.03497 || Validation Total Loss 0.03574
Epoch 444 ||  N Examples 4037040 || Train Total Loss 0.03537 || Validation Total Loss 0.03476
Epoch 445 ||  N Examples 4046112 || Train Total Loss 0.03499 || Validation Total Loss 0.03452
Epoch 446 ||  N Examples 4055184 || Train Total Loss 0.03521 || Validation Total Loss 0.03596
Epoch 447 ||  N Examples 4064256 || Train Total Loss 0.03549 || Validation Total Loss 0.03440
Epoch 448 ||  N Examples 4073328 || Train Total Loss 0.03507 || Validation Total Loss 0.03520
Epoch 449 ||  N Examples 4082400 || Train Total Loss 0.03544 || Validation Total Loss 0.03509
Epoch 450 ||  N Examples 4091472 || Train Total Loss 0.03486 || Validation Total Loss 0.03715
Epoch 451 ||  N Examples 4100544 || Train Total Loss 0.03512 || Validation Total Loss 0.03554
Epoch 452 ||  N Examples 4109616 || Train Total Loss 0.03444 || Validation Total Loss 0.03411
Epoch 453 ||  N Examples 4118688 || Train Total Loss 0.03448 || Validation Total Loss 0.03729
Epoch 454 ||  N Examples 4127760 || Train Total Loss 0.03487 || Validation Total Loss 0.03608
Epoch 455 ||  N Examples 4136832 || Train Total Loss 0.03557 || Validation Total Loss 0.03754
Epoch 456 ||  N Examples 4145904 || Train Total Loss 0.03441 || Validation Total Loss 0.03519
Epoch 457 ||  N Examples 4154976 || Train Total Loss 0.03476 || Validation Total Loss 0.03572
Epoch 458 ||  N Examples 4164048 || Train Total Loss 0.03487 || Validation Total Loss 0.03454
Epoch 459 ||  N Examples 4173120 || Train Total Loss 0.03516 || Validation Total Loss 0.03557
Epoch 460 ||  N Examples 4182192 || Train Total Loss 0.03542 || Validation Total Loss 0.03674
Epoch 461 ||  N Examples 4191264 || Train Total Loss 0.03519 || Validation Total Loss 0.03640
Epoch 462 ||  N Examples 4200336 || Train Total Loss 0.03487 || Validation Total Loss 0.03722
Epoch 463 ||  N Examples 4209408 || Train Total Loss 0.03482 || Validation Total Loss 0.03498
Epoch 464 ||  N Examples 4218480 || Train Total Loss 0.03430 || Validation Total Loss 0.03440
Epoch 465 ||  N Examples 4227552 || Train Total Loss 0.03493 || Validation Total Loss 0.03614
Epoch 466 ||  N Examples 4236624 || Train Total Loss 0.03526 || Validation Total Loss 0.03468
Epoch 467 ||  N Examples 4245696 || Train Total Loss 0.03486 || Validation Total Loss 0.03571
Epoch 468 ||  N Examples 4254768 || Train Total Loss 0.03440 || Validation Total Loss 0.03490
Epoch 469 ||  N Examples 4263840 || Train Total Loss 0.03492 || Validation Total Loss 0.03482
Epoch 470 ||  N Examples 4272912 || Train Total Loss 0.03444 || Validation Total Loss 0.03533
Epoch 471 ||  N Examples 4281984 || Train Total Loss 0.03531 || Validation Total Loss 0.03645
Epoch 472 ||  N Examples 4291056 || Train Total Loss 0.03479 || Validation Total Loss 0.03405
Epoch 473 ||  N Examples 4300128 || Train Total Loss 0.03445 || Validation Total Loss 0.03521
Epoch 474 ||  N Examples 4309200 || Train Total Loss 0.03481 || Validation Total Loss 0.03565
Epoch 475 ||  N Examples 4318272 || Train Total Loss 0.03492 || Validation Total Loss 0.03259
Epoch 476 ||  N Examples 4327344 || Train Total Loss 0.03442 || Validation Total Loss 0.03561
Epoch 477 ||  N Examples 4336416 || Train Total Loss 0.03486 || Validation Total Loss 0.03294
Epoch 478 ||  N Examples 4345488 || Train Total Loss 0.03513 || Validation Total Loss 0.03558
Epoch 479 ||  N Examples 4354560 || Train Total Loss 0.03505 || Validation Total Loss 0.03599
Epoch 480 ||  N Examples 4363632 || Train Total Loss 0.03540 || Validation Total Loss 0.03412
Epoch 481 ||  N Examples 4372704 || Train Total Loss 0.03443 || Validation Total Loss 0.03530
Epoch 482 ||  N Examples 4381776 || Train Total Loss 0.03449 || Validation Total Loss 0.03489
Epoch 483 ||  N Examples 4390848 || Train Total Loss 0.03486 || Validation Total Loss 0.03412
Epoch 484 ||  N Examples 4399920 || Train Total Loss 0.03485 || Validation Total Loss 0.03466
Epoch 485 ||  N Examples 4408992 || Train Total Loss 0.03501 || Validation Total Loss 0.03490
Epoch 486 ||  N Examples 4418064 || Train Total Loss 0.03514 || Validation Total Loss 0.03639
Epoch 487 ||  N Examples 4427136 || Train Total Loss 0.03469 || Validation Total Loss 0.03614
Epoch 488 ||  N Examples 4436208 || Train Total Loss 0.03512 || Validation Total Loss 0.03448
Epoch 489 ||  N Examples 4445280 || Train Total Loss 0.03444 || Validation Total Loss 0.03572
Epoch 490 ||  N Examples 4454352 || Train Total Loss 0.03483 || Validation Total Loss 0.03481
Epoch 491 ||  N Examples 4463424 || Train Total Loss 0.03427 || Validation Total Loss 0.03545
Epoch 492 ||  N Examples 4472496 || Train Total Loss 0.03531 || Validation Total Loss 0.03322
Epoch 493 ||  N Examples 4481568 || Train Total Loss 0.03465 || Validation Total Loss 0.03465
Epoch 494 ||  N Examples 4490640 || Train Total Loss 0.03453 || Validation Total Loss 0.03532
Epoch 495 ||  N Examples 4499712 || Train Total Loss 0.03460 || Validation Total Loss 0.03545
Epoch 496 ||  N Examples 4508784 || Train Total Loss 0.03535 || Validation Total Loss 0.03468
Epoch 497 ||  N Examples 4517856 || Train Total Loss 0.03483 || Validation Total Loss 0.03379
Epoch 498 ||  N Examples 4526928 || Train Total Loss 0.03537 || Validation Total Loss 0.03646
Epoch 499 ||  N Examples 4536000 || Train Total Loss 0.03460 || Validation Total Loss 0.03334
Epoch 500 ||  N Examples 4545072 || Train Total Loss 0.03484 || Validation Total Loss 0.03528
Epoch 501 ||  N Examples 4554144 || Train Total Loss 0.03458 || Validation Total Loss 0.03518
Epoch 502 ||  N Examples 4563216 || Train Total Loss 0.03478 || Validation Total Loss 0.03380
Epoch 503 ||  N Examples 4572288 || Train Total Loss 0.03485 || Validation Total Loss 0.03544
Epoch 504 ||  N Examples 4581360 || Train Total Loss 0.03471 || Validation Total Loss 0.03517
Epoch 505 ||  N Examples 4590432 || Train Total Loss 0.03490 || Validation Total Loss 0.03494
Epoch 506 ||  N Examples 4599504 || Train Total Loss 0.03535 || Validation Total Loss 0.03487
Epoch 507 ||  N Examples 4608576 || Train Total Loss 0.03425 || Validation Total Loss 0.03541
Epoch 508 ||  N Examples 4617648 || Train Total Loss 0.03464 || Validation Total Loss 0.03519
Epoch 509 ||  N Examples 4626720 || Train Total Loss 0.03524 || Validation Total Loss 0.03437
Epoch 510 ||  N Examples 4635792 || Train Total Loss 0.03524 || Validation Total Loss 0.03709
Epoch 511 ||  N Examples 4644864 || Train Total Loss 0.03502 || Validation Total Loss 0.03712
Epoch 512 ||  N Examples 4653936 || Train Total Loss 0.03488 || Validation Total Loss 0.03391
Epoch 513 ||  N Examples 4663008 || Train Total Loss 0.03482 || Validation Total Loss 0.03423
Epoch 514 ||  N Examples 4672080 || Train Total Loss 0.03483 || Validation Total Loss 0.03474
Epoch 515 ||  N Examples 4681152 || Train Total Loss 0.03509 || Validation Total Loss 0.03484
Epoch 516 ||  N Examples 4690224 || Train Total Loss 0.03465 || Validation Total Loss 0.03731
Epoch 517 ||  N Examples 4699296 || Train Total Loss 0.03441 || Validation Total Loss 0.03646
Epoch 518 ||  N Examples 4708368 || Train Total Loss 0.03521 || Validation Total Loss 0.03655
Epoch 519 ||  N Examples 4717440 || Train Total Loss 0.03418 || Validation Total Loss 0.03488
Epoch 520 ||  N Examples 4726512 || Train Total Loss 0.03491 || Validation Total Loss 0.03494
Epoch 521 ||  N Examples 4735584 || Train Total Loss 0.03445 || Validation Total Loss 0.03341
Epoch 522 ||  N Examples 4744656 || Train Total Loss 0.03464 || Validation Total Loss 0.03220
Epoch 523 ||  N Examples 4753728 || Train Total Loss 0.03540 || Validation Total Loss 0.03591
Epoch 524 ||  N Examples 4762800 || Train Total Loss 0.03482 || Validation Total Loss 0.03490
Epoch 525 ||  N Examples 4771872 || Train Total Loss 0.03472 || Validation Total Loss 0.03598
Epoch 526 ||  N Examples 4780944 || Train Total Loss 0.03466 || Validation Total Loss 0.03469
Epoch 527 ||  N Examples 4790016 || Train Total Loss 0.03380 || Validation Total Loss 0.03492
Epoch 528 ||  N Examples 4799088 || Train Total Loss 0.03480 || Validation Total Loss 0.03619
Epoch 529 ||  N Examples 4808160 || Train Total Loss 0.03463 || Validation Total Loss 0.03467
Epoch 530 ||  N Examples 4817232 || Train Total Loss 0.03463 || Validation Total Loss 0.03635
Epoch 531 ||  N Examples 4826304 || Train Total Loss 0.03427 || Validation Total Loss 0.03621
Epoch 532 ||  N Examples 4835376 || Train Total Loss 0.03483 || Validation Total Loss 0.03425
Epoch 533 ||  N Examples 4844448 || Train Total Loss 0.03459 || Validation Total Loss 0.03462
Epoch 534 ||  N Examples 4853520 || Train Total Loss 0.03485 || Validation Total Loss 0.03508
Epoch 535 ||  N Examples 4862592 || Train Total Loss 0.03444 || Validation Total Loss 0.03506
Epoch 536 ||  N Examples 4871664 || Train Total Loss 0.03412 || Validation Total Loss 0.03623
Epoch 537 ||  N Examples 4880736 || Train Total Loss 0.03406 || Validation Total Loss 0.03647
Epoch 538 ||  N Examples 4889808 || Train Total Loss 0.03454 || Validation Total Loss 0.03441
Epoch 539 ||  N Examples 4898880 || Train Total Loss 0.03475 || Validation Total Loss 0.03593
Epoch 540 ||  N Examples 4907952 || Train Total Loss 0.03473 || Validation Total Loss 0.03370
Epoch 541 ||  N Examples 4917024 || Train Total Loss 0.03451 || Validation Total Loss 0.03391
Epoch 542 ||  N Examples 4926096 || Train Total Loss 0.03467 || Validation Total Loss 0.03503
Epoch 543 ||  N Examples 4935168 || Train Total Loss 0.03430 || Validation Total Loss 0.03434
Epoch 544 ||  N Examples 4944240 || Train Total Loss 0.03456 || Validation Total Loss 0.03684
Epoch 545 ||  N Examples 4953312 || Train Total Loss 0.03547 || Validation Total Loss 0.03395
Epoch 546 ||  N Examples 4962384 || Train Total Loss 0.03461 || Validation Total Loss 0.03654
Epoch 547 ||  N Examples 4971456 || Train Total Loss 0.03475 || Validation Total Loss 0.03464
Epoch 548 ||  N Examples 4980528 || Train Total Loss 0.03463 || Validation Total Loss 0.03585
Epoch 549 ||  N Examples 4989600 || Train Total Loss 0.03462 || Validation Total Loss 0.03440
Epoch 550 ||  N Examples 4998672 || Train Total Loss 0.03461 || Validation Total Loss 0.03642
Epoch 551 ||  N Examples 5007744 || Train Total Loss 0.03468 || Validation Total Loss 0.03500

train.py --n_examples 50000 --config rotation_experiment
--------------------------------------------------------
Epoch 0 ||  N Examples 9072 || Train Total Loss 1.28836 || Validation Total Loss 0.66636
Epoch 1 ||  N Examples 18144 || Train Total Loss 0.36410 || Validation Total Loss 0.25175
Epoch 2 ||  N Examples 27216 || Train Total Loss 0.22836 || Validation Total Loss 0.22853
Epoch 3 ||  N Examples 36288 || Train Total Loss 0.21127 || Validation Total Loss 0.17727
Epoch 4 ||  N Examples 45360 || Train Total Loss 0.20656 || Validation Total Loss 0.19037
Epoch 5 ||  N Examples 54432 || Train Total Loss 0.17832 || Validation Total Loss 0.17892
